<?xml version="1.0" encoding="UTF-8"?>
<coverage generated="1659363758">
  <project timestamp="1659363758">
    <file name="/home/runner/work/doctrine-entity-converter/doctrine-entity-converter/src/Embeddables/MixedType.php">
      <class name="Apie\DoctrineEntityConverter\Embeddables\MixedType" namespace="global">
        <metrics complexity="4" methods="2" coveredmethods="2" conditionals="0" coveredconditionals="0" statements="8" coveredstatements="8" elements="10" coveredelements="10"/>
      </class>
      <line num="24" type="method" name="createFrom" visibility="public" complexity="1" crap="1" count="7"/>
      <line num="26" type="stmt" count="7"/>
      <line num="27" type="stmt" count="7"/>
      <line num="28" type="stmt" count="7"/>
      <line num="29" type="stmt" count="7"/>
      <line num="32" type="method" name="toDomainObject" visibility="public" complexity="2" crap="2" count="8"/>
      <line num="34" type="stmt" count="8"/>
      <line num="35" type="stmt" count="8"/>
      <line num="36" type="stmt" count="1"/>
      <line num="38" type="stmt" count="8"/>
      <metrics loc="41" ncloc="38" classes="1" methods="2" coveredmethods="2" conditionals="0" coveredconditionals="0" statements="8" coveredstatements="8" elements="10" coveredelements="10"/>
    </file>
    <file name="/home/runner/work/doctrine-entity-converter/doctrine-entity-converter/src/EntityBuilder.php">
      <class name="Apie\DoctrineEntityConverter\EntityBuilder" namespace="global">
        <metrics complexity="5" methods="2" coveredmethods="2" conditionals="0" coveredconditionals="0" statements="9" coveredstatements="9" elements="11" coveredelements="11"/>
      </class>
      <line num="11" type="method" name="__construct" visibility="public" complexity="1" crap="1" count="5"/>
      <line num="13" type="stmt" count="5"/>
      <line num="16" type="method" name="createCodeFor" visibility="public" complexity="4" crap="4" count="5"/>
      <line num="18" type="stmt" count="5"/>
      <line num="19" type="stmt" count="5"/>
      <line num="20" type="stmt" count="5"/>
      <line num="21" type="stmt" count="5"/>
      <line num="22" type="stmt" count="5"/>
      <line num="23" type="stmt" count="5"/>
      <line num="27" type="stmt" count="5"/>
      <metrics loc="30" ncloc="30" classes="1" methods="2" coveredmethods="2" conditionals="0" coveredconditionals="0" statements="9" coveredstatements="9" elements="11" coveredelements="11"/>
    </file>
    <file name="/home/runner/work/doctrine-entity-converter/doctrine-entity-converter/src/Exceptions/ContentsCouldNotBeDeserialized.php">
      <class name="Apie\DoctrineEntityConverter\Exceptions\ContentsCouldNotBeDeserialized" namespace="global">
        <metrics complexity="0" methods="0" coveredmethods="0" conditionals="0" coveredconditionals="0" statements="0" coveredstatements="0" elements="0" coveredelements="0"/>
      </class>
      <metrics loc="9" ncloc="9" classes="0" methods="0" coveredmethods="0" conditionals="0" coveredconditionals="0" statements="0" coveredstatements="0" elements="0" coveredelements="0"/>
    </file>
    <file name="/home/runner/work/doctrine-entity-converter/doctrine-entity-converter/src/Interfaces/PropertyGeneratorInterface.php">
      <metrics loc="13" ncloc="13" classes="0" methods="0" coveredmethods="0" conditionals="0" coveredconditionals="0" statements="0" coveredstatements="0" elements="0" coveredelements="0"/>
    </file>
    <file name="/home/runner/work/doctrine-entity-converter/doctrine-entity-converter/src/Mediators/GeneratedCode.php">
      <class name="Apie\DoctrineEntityConverter\Mediators\GeneratedCode" namespace="global">
        <metrics complexity="6" methods="6" coveredmethods="6" conditionals="0" coveredconditionals="0" statements="26" coveredstatements="26" elements="32" coveredelements="32"/>
      </class>
      <line num="23" type="method" name="__construct" visibility="public" complexity="1" crap="1" count="6"/>
      <line num="25" type="stmt" count="6"/>
      <line num="26" type="stmt" count="6"/>
      <line num="27" type="stmt" count="6"/>
      <line num="28" type="stmt" count="6"/>
      <line num="29" type="stmt" count="6"/>
      <line num="31" type="stmt" count="6"/>
      <line num="32" type="stmt" count="6"/>
      <line num="33" type="stmt" count="6"/>
      <line num="34" type="stmt" count="6"/>
      <line num="36" type="stmt" count="6"/>
      <line num="37" type="stmt" count="6"/>
      <line num="38" type="stmt" count="6"/>
      <line num="39" type="stmt" count="6"/>
      <line num="41" type="stmt" count="6"/>
      <line num="42" type="stmt" count="6"/>
      <line num="43" type="stmt" count="6"/>
      <line num="46" type="method" name="addUse" visibility="public" complexity="1" crap="1" count="5"/>
      <line num="48" type="stmt" count="5"/>
      <line num="51" type="method" name="addProperty" visibility="public" complexity="1" crap="1" count="6"/>
      <line num="53" type="stmt" count="6"/>
      <line num="54" type="stmt" count="6"/>
      <line num="55" type="stmt" count="6"/>
      <line num="58" type="method" name="addCreateFromCode" visibility="public" complexity="1" crap="1" count="5"/>
      <line num="60" type="stmt" count="5"/>
      <line num="61" type="stmt" count="5"/>
      <line num="64" type="method" name="addInjectCode" visibility="public" complexity="1" crap="1" count="6"/>
      <line num="66" type="stmt" count="6"/>
      <line num="67" type="stmt" count="6"/>
      <line num="70" type="method" name="toCode" visibility="public" complexity="1" crap="1" count="6"/>
      <line num="72" type="stmt" count="6"/>
      <line num="73" type="stmt" count="6"/>
      <metrics loc="76" ncloc="76" classes="1" methods="6" coveredmethods="6" conditionals="0" coveredconditionals="0" statements="26" coveredstatements="26" elements="32" coveredelements="32"/>
    </file>
    <file name="/home/runner/work/doctrine-entity-converter/doctrine-entity-converter/src/PropertyGenerators/AutoincrementIntegerGenerator.php">
      <class name="Apie\DoctrineEntityConverter\PropertyGenerators\AutoincrementIntegerGenerator" namespace="global">
        <metrics complexity="10" methods="4" coveredmethods="1" conditionals="0" coveredconditionals="0" statements="28" coveredstatements="24" elements="32" coveredelements="25"/>
      </class>
      <line num="17" type="method" name="isSupported" visibility="public" complexity="5" crap="5.58" count="5"/>
      <line num="19" type="stmt" count="5"/>
      <line num="20" type="stmt" count="5"/>
      <line num="21" type="stmt" count="0"/>
      <line num="23" type="stmt" count="5"/>
      <line num="24" type="stmt" count="0"/>
      <line num="26" type="stmt" count="5"/>
      <line num="27" type="stmt" count="5"/>
      <line num="30" type="method" name="apply" visibility="public" complexity="1" crap="1" count="3"/>
      <line num="32" type="stmt" count="3"/>
      <line num="33" type="stmt" count="3"/>
      <line num="34" type="stmt" count="3"/>
      <line num="35" type="stmt" count="3"/>
      <line num="36" type="stmt" count="3"/>
      <line num="37" type="stmt" count="3"/>
      <line num="38" type="stmt" count="3"/>
      <line num="39" type="stmt" count="3"/>
      <line num="42" type="method" name="generateFromCode" visibility="protected" complexity="2" crap="2.02" count="3"/>
      <line num="44" type="stmt" count="3"/>
      <line num="45" type="stmt" count="3"/>
      <line num="46" type="stmt" count="0"/>
      <line num="48" type="stmt" count="3"/>
      <line num="53" type="stmt" count="3"/>
      <line num="54" type="stmt" count="3"/>
      <line num="58" type="method" name="generateInject" visibility="protected" complexity="2" crap="2.01" count="3"/>
      <line num="60" type="stmt" count="3"/>
      <line num="61" type="stmt" count="3"/>
      <line num="62" type="stmt" count="0"/>
      <line num="64" type="stmt" count="3"/>
      <line num="65" type="stmt" count="3"/>
      <line num="68" type="stmt" count="3"/>
      <line num="70" type="stmt" count="3"/>
      <metrics loc="74" ncloc="74" classes="1" methods="4" coveredmethods="1" conditionals="0" coveredconditionals="0" statements="28" coveredstatements="24" elements="32" coveredelements="25"/>
    </file>
    <file name="/home/runner/work/doctrine-entity-converter/doctrine-entity-converter/src/PropertyGenerators/MixedPropertyGenerator.php">
      <class name="Apie\DoctrineEntityConverter\PropertyGenerators\MixedPropertyGenerator" namespace="global">
        <metrics complexity="6" methods="4" coveredmethods="2" conditionals="0" coveredconditionals="0" statements="22" coveredstatements="20" elements="26" coveredelements="22"/>
      </class>
      <line num="14" type="method" name="isSupported" visibility="public" complexity="1" crap="1" count="5"/>
      <line num="16" type="stmt" count="5"/>
      <line num="19" type="method" name="apply" visibility="public" complexity="1" crap="1" count="5"/>
      <line num="21" type="stmt" count="5"/>
      <line num="22" type="stmt" count="5"/>
      <line num="23" type="stmt" count="5"/>
      <line num="24" type="stmt" count="5"/>
      <line num="25" type="stmt" count="5"/>
      <line num="26" type="stmt" count="5"/>
      <line num="27" type="stmt" count="5"/>
      <line num="28" type="stmt" count="5"/>
      <line num="30" type="stmt" count="5"/>
      <line num="33" type="method" name="generateFromCode" visibility="protected" complexity="2" crap="2.02" count="5"/>
      <line num="35" type="stmt" count="5"/>
      <line num="36" type="stmt" count="5"/>
      <line num="37" type="stmt" count="0"/>
      <line num="39" type="stmt" count="5"/>
      <line num="41" type="stmt" count="5"/>
      <line num="43" type="stmt" count="5"/>
      <line num="46" type="method" name="generateInject" visibility="protected" complexity="2" crap="2.02" count="5"/>
      <line num="48" type="stmt" count="5"/>
      <line num="49" type="stmt" count="5"/>
      <line num="50" type="stmt" count="0"/>
      <line num="52" type="stmt" count="5"/>
      <line num="55" type="stmt" count="5"/>
      <line num="56" type="stmt" count="5"/>
      <metrics loc="60" ncloc="60" classes="1" methods="4" coveredmethods="2" conditionals="0" coveredconditionals="0" statements="22" coveredstatements="20" elements="26" coveredelements="22"/>
    </file>
    <file name="/home/runner/work/doctrine-entity-converter/doctrine-entity-converter/src/PropertyGenerators/UuidGenerator.php">
      <class name="Apie\DoctrineEntityConverter\PropertyGenerators\UuidGenerator" namespace="global">
        <metrics complexity="10" methods="4" coveredmethods="1" conditionals="0" coveredconditionals="0" statements="27" coveredstatements="23" elements="31" coveredelements="24"/>
      </class>
      <line num="16" type="method" name="isSupported" visibility="public" complexity="5" crap="5.58" count="5"/>
      <line num="18" type="stmt" count="5"/>
      <line num="19" type="stmt" count="5"/>
      <line num="20" type="stmt" count="0"/>
      <line num="22" type="stmt" count="5"/>
      <line num="23" type="stmt" count="0"/>
      <line num="25" type="stmt" count="5"/>
      <line num="26" type="stmt" count="5"/>
      <line num="29" type="method" name="apply" visibility="public" complexity="1" crap="1" count="2"/>
      <line num="31" type="stmt" count="2"/>
      <line num="32" type="stmt" count="2"/>
      <line num="33" type="stmt" count="2"/>
      <line num="34" type="stmt" count="2"/>
      <line num="35" type="stmt" count="2"/>
      <line num="36" type="stmt" count="2"/>
      <line num="37" type="stmt" count="2"/>
      <line num="40" type="method" name="generateFromCode" visibility="protected" complexity="2" crap="2.02" count="2"/>
      <line num="42" type="stmt" count="2"/>
      <line num="43" type="stmt" count="2"/>
      <line num="44" type="stmt" count="0"/>
      <line num="46" type="stmt" count="2"/>
      <line num="51" type="stmt" count="2"/>
      <line num="52" type="stmt" count="2"/>
      <line num="56" type="method" name="generateInject" visibility="protected" complexity="2" crap="2.01" count="2"/>
      <line num="58" type="stmt" count="2"/>
      <line num="59" type="stmt" count="2"/>
      <line num="60" type="stmt" count="0"/>
      <line num="62" type="stmt" count="2"/>
      <line num="63" type="stmt" count="2"/>
      <line num="66" type="stmt" count="2"/>
      <line num="68" type="stmt" count="2"/>
      <metrics loc="72" ncloc="72" classes="1" methods="4" coveredmethods="1" conditionals="0" coveredconditionals="0" statements="27" coveredstatements="23" elements="31" coveredelements="24"/>
    </file>
    <file name="/home/runner/work/doctrine-entity-converter/doctrine-entity-converter/src/Utils/Utils.php">
      <class name="Apie\DoctrineEntityConverter\Utils\Utils" namespace="global">
        <metrics complexity="8" methods="3" coveredmethods="3" conditionals="0" coveredconditionals="0" statements="8" coveredstatements="8" elements="11" coveredelements="11"/>
      </class>
      <line num="17" type="method" name="setProperty" visibility="public" complexity="1" crap="1" count="3"/>
      <line num="19" type="stmt" count="3"/>
      <line num="20" type="stmt" count="3"/>
      <line num="23" type="method" name="getProperty" visibility="public" complexity="1" crap="1" count="2"/>
      <line num="25" type="stmt" count="2"/>
      <line num="26" type="stmt" count="2"/>
      <line num="29" type="method" name="addIdAttributeIfApplicable" visibility="public" complexity="5" crap="5" count="5"/>
      <line num="31" type="stmt" count="5"/>
      <line num="32" type="stmt" count="5"/>
      <line num="33" type="stmt" count="5"/>
      <line num="34" type="stmt" count="2"/>
      <metrics loc="39" ncloc="39" classes="1" methods="3" coveredmethods="3" conditionals="0" coveredconditionals="0" statements="8" coveredstatements="8" elements="11" coveredelements="11"/>
    </file>
    <metrics files="9" loc="414" ncloc="411" classes="7" methods="25" coveredmethods="17" conditionals="0" coveredconditionals="0" statements="128" coveredstatements="118" elements="153" coveredelements="135"/>
  </project>
</coverage>
